app/build/intermediates/manifest_merge_blame_file/release/manifest-merger-blame-release-report.txt
1<?xml version="1.0" encoding="utf-8"?>
2<manifest xmlns:android="http://schemas.android.com/apk/res/android"
3    package="com.appentusapp.findphone.works"
4    android:versionCode="6"
5    android:versionName="1.5" >
6
7    <uses-sdk
8        android:minSdkVersion="24"
8-->src\main\AndroidManifest.xml
9        android:targetSdkVersion="31" />
9-->src\main\AndroidManifest.xml
10
11    <uses-permission android:name="android.permission.FOREGROUND_SERVICE" />
11-->src\main\AndroidManifest.xml:7:1-72
11-->src\main\AndroidManifest.xml:7:18-70
12    <uses-permission android:name="android.permission.ACCESS_FINE_LOCATION" />
12-->src\main\AndroidManifest.xml:10:1-74
12-->src\main\AndroidManifest.xml:10:18-72
13    <uses-permission android:name="android.permission.ACCESS_NETWORK_STATE" />
13-->src\main\AndroidManifest.xml:12:1-74
13-->src\main\AndroidManifest.xml:12:18-72
14    <uses-permission android:name="android.permission.INTERNET" />
14-->src\main\AndroidManifest.xml:13:5-67
14-->src\main\AndroidManifest.xml:13:22-64
15    <uses-permission android:name="android.permission.ACCESS_NOTIFICATION_POLICY" />
15-->src\main\AndroidManifest.xml:14:5-85
15-->src\main\AndroidManifest.xml:14:22-82
16
17    <uses-feature
17-->[com.mapbox.mapboxsdk:mapbox-android-sdk:9.1.0] AndroidManifest.xml:9:5-11:35
18        android:glEsVersion="0x00020000"
18-->[com.mapbox.mapboxsdk:mapbox-android-sdk:9.1.0] AndroidManifest.xml:10:9-41
19        android:required="true" />
19-->[com.mapbox.mapboxsdk:mapbox-android-sdk:9.1.0] AndroidManifest.xml:11:9-32
20    <uses-feature
20-->[com.mapbox.mapboxsdk:mapbox-android-sdk:9.1.0] AndroidManifest.xml:12:5-14:36
21        android:name="android.hardware.wifi"
21-->[com.mapbox.mapboxsdk:mapbox-android-sdk:9.1.0] AndroidManifest.xml:13:9-45
22        android:required="false" />
22-->[com.mapbox.mapboxsdk:mapbox-android-sdk:9.1.0] AndroidManifest.xml:14:9-33
23
24    <uses-permission android:name="android.permission.ACCESS_WIFI_STATE" /> <!-- Required for CrashReporterJobIntentService on API levels below 25 -->
24-->[com.mapbox.mapboxsdk:mapbox-android-sdk:9.1.0] AndroidManifest.xml:18:5-76
24-->[com.mapbox.mapboxsdk:mapbox-android-sdk:9.1.0] AndroidManifest.xml:18:22-73
25    <uses-permission android:name="android.permission.WAKE_LOCK" />
25-->[com.mapbox.mapboxsdk:mapbox-android-telemetry:5.0.0] AndroidManifest.xml:12:5-68
25-->[com.mapbox.mapboxsdk:mapbox-android-telemetry:5.0.0] AndroidManifest.xml:12:22-65
26    <uses-permission android:name="android.permission.ACCESS_COARSE_LOCATION" />
26-->[com.github.mumayank:AirLocation:1.2] AndroidManifest.xml:13:5-81
26-->[com.github.mumayank:AirLocation:1.2] AndroidManifest.xml:13:22-78
27    <uses-permission android:name="android.permission.CHANGE_WIFI_STATE" /> <!-- Required by older versions of Google Play services to create IID tokens -->
27-->[com.github.mumayank:AirLocation:1.2] AndroidManifest.xml:14:5-76
27-->[com.github.mumayank:AirLocation:1.2] AndroidManifest.xml:14:22-73
28    <uses-permission android:name="com.google.android.c2dm.permission.RECEIVE" />
28-->[com.google.firebase:firebase-iid:21.0.1] AndroidManifest.xml:26:5-82
28-->[com.google.firebase:firebase-iid:21.0.1] AndroidManifest.xml:26:22-79
29    <uses-permission android:name="com.google.android.finsky.permission.BIND_GET_INSTALL_REFERRER_SERVICE" />
29-->[com.google.android.gms:play-services-measurement:18.0.2] AndroidManifest.xml:26:5-110
29-->[com.google.android.gms:play-services-measurement:18.0.2] AndroidManifest.xml:26:22-107
30    <uses-permission android:name="android.permission.RECEIVE_BOOT_COMPLETED" />
30-->[androidx.work:work-runtime:2.7.1] AndroidManifest.xml:27:5-81
30-->[androidx.work:work-runtime:2.7.1] AndroidManifest.xml:27:22-78
31    <uses-permission android:name="android.permission.CAMERA" />
31-->[io.card:android-sdk:5.5.1] AndroidManifest.xml:9:5-65
31-->[io.card:android-sdk:5.5.1] AndroidManifest.xml:9:22-62
32    <uses-permission android:name="android.permission.VIBRATE" />
32-->[io.card:android-sdk:5.5.1] AndroidManifest.xml:10:5-66
32-->[io.card:android-sdk:5.5.1] AndroidManifest.xml:10:22-63
33
34    <uses-feature
34-->[io.card:android-sdk:5.5.1] AndroidManifest.xml:12:5-14:36
35        android:name="android.hardware.camera"
35-->[io.card:android-sdk:5.5.1] AndroidManifest.xml:13:9-47
36        android:required="false" />
36-->[io.card:android-sdk:5.5.1] AndroidManifest.xml:14:9-33
37    <uses-feature
37-->[io.card:android-sdk:5.5.1] AndroidManifest.xml:15:5-17:36
38        android:name="android.hardware.camera.autofocus"
38-->[io.card:android-sdk:5.5.1] AndroidManifest.xml:16:9-57
39        android:required="false" />
39-->[io.card:android-sdk:5.5.1] AndroidManifest.xml:17:9-33
40
41    <application
41-->src\main\AndroidManifest.xml:16:5-71:19
42        android:allowBackup="true"
42-->src\main\AndroidManifest.xml:17:9-35
43        android:appComponentFactory="androidx.core.app.CoreComponentFactory"
43-->[androidx.core:core:1.6.0] AndroidManifest.xml:24:18-86
44        android:extractNativeLibs="false"
45        android:icon="@drawable/logo_map1"
45-->src\main\AndroidManifest.xml:18:9-43
46        android:label="Find My Phone"
46-->src\main\AndroidManifest.xml:19:9-38
47        android:roundIcon="@drawable/logo_map1"
47-->src\main\AndroidManifest.xml:20:9-48
48        android:supportsRtl="true"
48-->src\main\AndroidManifest.xml:21:9-35
49        android:theme="@style/AppTheme" >
49-->src\main\AndroidManifest.xml:22:9-40
50        <activity
50-->src\main\AndroidManifest.xml:23:9-31:20
51            android:name="com.appentusapp.findphone.works.LoginActivity"
51-->src\main\AndroidManifest.xml:23:19-79
52            android:exported="true" >
52-->src\main\AndroidManifest.xml:24:13-36
53            <intent-filter>
53-->src\main\AndroidManifest.xml:26:13-30:29
54                <action android:name="android.intent.action.MAIN" />
54-->src\main\AndroidManifest.xml:27:17-69
54-->src\main\AndroidManifest.xml:27:25-66
55
56                <category android:name="android.intent.category.LAUNCHER" />
56-->src\main\AndroidManifest.xml:29:17-77
56-->src\main\AndroidManifest.xml:29:27-74
57            </intent-filter>
58        </activity>
59
60        <meta-data
60-->src\main\AndroidManifest.xml:34:9-36:71
61            android:name="com.google.android.geo.API_KEY"
61-->src\main\AndroidManifest.xml:35:13-58
62            android:value="AIzaSyBjxs_AMEVMjWiwP-l7OfPQVGRrhslgAnI" />
62-->src\main\AndroidManifest.xml:36:13-68
63
64        <uses-library
64-->src\main\AndroidManifest.xml:38:9-40:40
65            android:name="org.apache.http.legacy"
65-->src\main\AndroidManifest.xml:39:13-50
66            android:required="false" />
66-->src\main\AndroidManifest.xml:40:13-37
67
68        <meta-data
68-->src\main\AndroidManifest.xml:42:9-44:69
69            android:name="com.google.android.gms.version"
69-->src\main\AndroidManifest.xml:43:13-58
70            android:value="@integer/google_play_services_version" />
70-->src\main\AndroidManifest.xml:44:13-66
71        <meta-data
71-->src\main\AndroidManifest.xml:46:9-48:35
72            android:name="com.google.android.gms.ads.AD_MANAGER_APP"
72-->src\main\AndroidManifest.xml:47:13-69
73            android:value="true" />
73-->src\main\AndroidManifest.xml:48:13-33
74
75        <activity
75-->src\main\AndroidManifest.xml:50:9-53:39
76            android:name="com.appentusapp.findphone.works.MainActivity"
76-->src\main\AndroidManifest.xml:51:13-72
77            android:exported="false"
77-->src\main\AndroidManifest.xml:53:13-37
78            android:windowSoftInputMode="stateVisible" />
78-->src\main\AndroidManifest.xml:52:13-55
79
80        <meta-data
80-->src\main\AndroidManifest.xml:55:9-57:54
81            android:name="com.google.firebase.messaging.default_notification_icon"
81-->src\main\AndroidManifest.xml:56:13-83
82            android:resource="@drawable/logo_map1" />
82-->src\main\AndroidManifest.xml:57:13-51
83        <meta-data
83-->src\main\AndroidManifest.xml:58:9-60:54
84            android:name="com.google.firebase.messaging.default_notification_color"
84-->src\main\AndroidManifest.xml:59:13-84
85            android:resource="@color/colorPrimary" />
85-->src\main\AndroidManifest.xml:60:13-51
86        <meta-data
86-->src\main\AndroidManifest.xml:61:9-63:71
87            android:name="com.google.firebase.messaging.default_notification_channel_id"
87-->src\main\AndroidManifest.xml:62:13-89
88            android:value="@string/default_notification_channel_id" />
88-->src\main\AndroidManifest.xml:63:13-68
89
90        <service
90-->src\main\AndroidManifest.xml:65:9-66:39
91            android:name="com.paypal.android.sdk.payments.PayPalService"
91-->src\main\AndroidManifest.xml:65:18-78
92            android:exported="false" />
92-->src\main\AndroidManifest.xml:66:13-37
93        <service
93-->src\main\AndroidManifest.xml:68:5-70:35
94            android:name="com.appentusapp.findphone.works.locationservice"
94-->src\main\AndroidManifest.xml:68:14-76
95            android:exported="false"
95-->src\main\AndroidManifest.xml:70:9-33
96            android:foregroundServiceType="location" />
96-->src\main\AndroidManifest.xml:69:9-49
97
98        <activity
98-->[com.mapbox.mapboxsdk:mapbox-android-plugin-places-v9:0.12.0] AndroidManifest.xml:10:9-14:68
99            android:name="com.mapbox.mapboxsdk.plugins.places.autocomplete.ui.PlaceAutocompleteActivity"
99-->[com.mapbox.mapboxsdk:mapbox-android-plugin-places-v9:0.12.0] AndroidManifest.xml:11:13-105
100            android:configChanges="keyboard|keyboardHidden|orientation|screenLayout|uiMode|screenSize|smallestScreenSize"
100-->[com.mapbox.mapboxsdk:mapbox-android-plugin-places-v9:0.12.0] AndroidManifest.xml:12:13-122
101            android:theme="@style/mapbox_plugins_translucent"
101-->[com.mapbox.mapboxsdk:mapbox-android-plugin-places-v9:0.12.0] AndroidManifest.xml:13:13-62
102            android:windowSoftInputMode="stateVisible|adjustPan" />
102-->[com.mapbox.mapboxsdk:mapbox-android-plugin-places-v9:0.12.0] AndroidManifest.xml:14:13-65
103        <activity
103-->[com.mapbox.mapboxsdk:mapbox-android-plugin-places-v9:0.12.0] AndroidManifest.xml:15:9-17:125
104            android:name="com.mapbox.mapboxsdk.plugins.places.picker.ui.PlacePickerActivity"
104-->[com.mapbox.mapboxsdk:mapbox-android-plugin-places-v9:0.12.0] AndroidManifest.xml:16:13-93
105            android:configChanges="keyboard|keyboardHidden|orientation|screenLayout|uiMode|screenSize|smallestScreenSize" />
105-->[com.mapbox.mapboxsdk:mapbox-android-plugin-places-v9:0.12.0] AndroidManifest.xml:17:13-122
106
107        <provider
107-->[com.squareup.picasso:picasso:2.71828] AndroidManifest.xml:8:9-11:40
108            android:name="com.squareup.picasso.PicassoProvider"
108-->[com.squareup.picasso:picasso:2.71828] AndroidManifest.xml:9:13-64
109            android:authorities="com.appentusapp.findphone.works.com.squareup.picasso"
109-->[com.squareup.picasso:picasso:2.71828] AndroidManifest.xml:10:13-72
110            android:exported="false" />
110-->[com.squareup.picasso:picasso:2.71828] AndroidManifest.xml:11:13-37
111
112        <activity android:name="com.paypal.android.sdk.payments.PaymentActivity" />
112-->[com.paypal.sdk:paypal-android-sdk:2.16.0] AndroidManifest.xml:13:9-84
112-->[com.paypal.sdk:paypal-android-sdk:2.16.0] AndroidManifest.xml:13:19-81
113        <activity android:name="com.paypal.android.sdk.payments.PaymentMethodActivity" />
113-->[com.paypal.sdk:paypal-android-sdk:2.16.0] AndroidManifest.xml:14:9-90
113-->[com.paypal.sdk:paypal-android-sdk:2.16.0] AndroidManifest.xml:14:19-87
114        <activity android:name="com.paypal.android.sdk.payments.PaymentConfirmActivity" />
114-->[com.paypal.sdk:paypal-android-sdk:2.16.0] AndroidManifest.xml:15:9-91
114-->[com.paypal.sdk:paypal-android-sdk:2.16.0] AndroidManifest.xml:15:19-88
115        <activity android:name="com.paypal.android.sdk.payments.LoginActivity" />
115-->[com.paypal.sdk:paypal-android-sdk:2.16.0] AndroidManifest.xml:16:9-82
115-->[com.paypal.sdk:paypal-android-sdk:2.16.0] AndroidManifest.xml:16:19-79
116        <activity android:name="com.paypal.android.sdk.payments.PayPalFuturePaymentActivity" />
116-->[com.paypal.sdk:paypal-android-sdk:2.16.0] AndroidManifest.xml:17:9-96
116-->[com.paypal.sdk:paypal-android-sdk:2.16.0] AndroidManifest.xml:17:19-93
117        <activity android:name="com.paypal.android.sdk.payments.FuturePaymentConsentActivity" />
117-->[com.paypal.sdk:paypal-android-sdk:2.16.0] AndroidManifest.xml:18:9-97
117-->[com.paypal.sdk:paypal-android-sdk:2.16.0] AndroidManifest.xml:18:19-94
118        <activity android:name="com.paypal.android.sdk.payments.FuturePaymentInfoActivity" />
118-->[com.paypal.sdk:paypal-android-sdk:2.16.0] AndroidManifest.xml:19:9-94
118-->[com.paypal.sdk:paypal-android-sdk:2.16.0] AndroidManifest.xml:19:19-91
119        <activity android:name="com.paypal.android.sdk.payments.PayPalProfileSharingActivity" />
119-->[com.paypal.sdk:paypal-android-sdk:2.16.0] AndroidManifest.xml:20:9-97
119-->[com.paypal.sdk:paypal-android-sdk:2.16.0] AndroidManifest.xml:20:19-94
120        <activity android:name="com.paypal.android.sdk.payments.ProfileSharingConsentActivity" />
120-->[com.paypal.sdk:paypal-android-sdk:2.16.0] AndroidManifest.xml:21:9-98
120-->[com.paypal.sdk:paypal-android-sdk:2.16.0] AndroidManifest.xml:21:19-95
121
122        <provider
122-->[com.mapbox.mapboxsdk:mapbox-android-telemetry:5.0.0] AndroidManifest.xml:18:9-22:39
123            android:name="com.mapbox.android.telemetry.provider.MapboxTelemetryInitProvider"
123-->[com.mapbox.mapboxsdk:mapbox-android-telemetry:5.0.0] AndroidManifest.xml:19:13-93
124            android:authorities="com.appentusapp.findphone.works.mapboxtelemetryinitprovider"
124-->[com.mapbox.mapboxsdk:mapbox-android-telemetry:5.0.0] AndroidManifest.xml:20:13-79
125            android:exported="false"
125-->[com.mapbox.mapboxsdk:mapbox-android-telemetry:5.0.0] AndroidManifest.xml:21:13-37
126            android:initOrder="100" />
126-->[com.mapbox.mapboxsdk:mapbox-android-telemetry:5.0.0] AndroidManifest.xml:22:13-36
127
128        <service
128-->[com.mapbox.mapboxsdk:mapbox-android-telemetry:5.0.0] AndroidManifest.xml:24:9-26:72
129            android:name="com.mapbox.android.telemetry.crash.CrashReporterJobIntentService"
129-->[com.mapbox.mapboxsdk:mapbox-android-telemetry:5.0.0] AndroidManifest.xml:25:13-92
130            android:permission="android.permission.BIND_JOB_SERVICE" />
130-->[com.mapbox.mapboxsdk:mapbox-android-telemetry:5.0.0] AndroidManifest.xml:26:13-69
131        <service
131-->[com.google.firebase:firebase-firestore:22.1.0] AndroidManifest.xml:17:9-23:19
132            android:name="com.google.firebase.components.ComponentDiscoveryService"
132-->[com.google.firebase:firebase-firestore:22.1.0] AndroidManifest.xml:18:13-84
133            android:directBootAware="true"
133-->[com.google.firebase:firebase-common:19.5.0] AndroidManifest.xml:35:13-43
134            android:exported="false" >
134-->[com.google.firebase:firebase-firestore:22.1.0] AndroidManifest.xml:19:13-37
135            <meta-data
135-->[com.google.firebase:firebase-firestore:22.1.0] AndroidManifest.xml:20:13-22:85
136                android:name="com.google.firebase.components:com.google.firebase.firestore.FirestoreRegistrar"
136-->[com.google.firebase:firebase-firestore:22.1.0] AndroidManifest.xml:21:17-111
137                android:value="com.google.firebase.components.ComponentRegistrar" />
137-->[com.google.firebase:firebase-firestore:22.1.0] AndroidManifest.xml:22:17-82
138            <meta-data
138-->[com.google.firebase:firebase-storage-ktx:19.2.1] AndroidManifest.xml:15:13-17:85
139                android:name="com.google.firebase.components:com.google.firebase.storage.ktx.FirebaseStorageKtxRegistrar"
139-->[com.google.firebase:firebase-storage-ktx:19.2.1] AndroidManifest.xml:16:17-122
140                android:value="com.google.firebase.components.ComponentRegistrar" />
140-->[com.google.firebase:firebase-storage-ktx:19.2.1] AndroidManifest.xml:17:17-82
141            <meta-data
141-->[com.google.firebase:firebase-database-ktx:19.6.0] AndroidManifest.xml:15:13-17:85
142                android:name="com.google.firebase.components:com.google.firebase.database.ktx.FirebaseDatabaseKtxRegistrar"
142-->[com.google.firebase:firebase-database-ktx:19.6.0] AndroidManifest.xml:16:17-124
143                android:value="com.google.firebase.components.ComponentRegistrar" />
143-->[com.google.firebase:firebase-database-ktx:19.6.0] AndroidManifest.xml:17:17-82
144            <meta-data
144-->[com.google.firebase:firebase-analytics-ktx:18.0.2] AndroidManifest.xml:11:13-13:85
145                android:name="com.google.firebase.components:com.google.firebase.analytics.ktx.FirebaseAnalyticsKtxRegistrar"
145-->[com.google.firebase:firebase-analytics-ktx:18.0.2] AndroidManifest.xml:12:17-126
146                android:value="com.google.firebase.components.ComponentRegistrar" />
146-->[com.google.firebase:firebase-analytics-ktx:18.0.2] AndroidManifest.xml:13:17-82
147            <meta-data
147-->[com.google.firebase:firebase-messaging-ktx:21.0.1] AndroidManifest.xml:29:13-31:85
148                android:name="com.google.firebase.components:com.google.firebase.messaging.ktx.FirebaseMessagingKtxRegistrar"
148-->[com.google.firebase:firebase-messaging-ktx:21.0.1] AndroidManifest.xml:30:17-126
149                android:value="com.google.firebase.components.ComponentRegistrar" />
149-->[com.google.firebase:firebase-messaging-ktx:21.0.1] AndroidManifest.xml:31:17-82
150            <meta-data
150-->[com.google.firebase:firebase-common-ktx:19.5.0] AndroidManifest.xml:15:13-17:85
151                android:name="com.google.firebase.components:com.google.firebase.ktx.FirebaseCommonKtxRegistrar"
151-->[com.google.firebase:firebase-common-ktx:19.5.0] AndroidManifest.xml:16:17-113
152                android:value="com.google.firebase.components.ComponentRegistrar" />
152-->[com.google.firebase:firebase-common-ktx:19.5.0] AndroidManifest.xml:17:17-82
153            <meta-data
153-->[com.google.firebase:firebase-database:19.6.0] AndroidManifest.xml:32:13-34:85
154                android:name="com.google.firebase.components:com.google.firebase.database.DatabaseRegistrar"
154-->[com.google.firebase:firebase-database:19.6.0] AndroidManifest.xml:33:17-109
155                android:value="com.google.firebase.components.ComponentRegistrar" />
155-->[com.google.firebase:firebase-database:19.6.0] AndroidManifest.xml:34:17-82
156            <meta-data
156-->[com.google.firebase:firebase-storage:19.2.1] AndroidManifest.xml:33:13-35:85
157                android:name="com.google.firebase.components:com.google.firebase.storage.StorageRegistrar"
157-->[com.google.firebase:firebase-storage:19.2.1] AndroidManifest.xml:34:17-107
158                android:value="com.google.firebase.components.ComponentRegistrar" />
158-->[com.google.firebase:firebase-storage:19.2.1] AndroidManifest.xml:35:17-82
159            <meta-data
159-->[com.google.firebase:firebase-messaging:21.0.1] AndroidManifest.xml:39:13-41:85
160                android:name="com.google.firebase.components:com.google.firebase.messaging.FirebaseMessagingRegistrar"
160-->[com.google.firebase:firebase-messaging:21.0.1] AndroidManifest.xml:40:17-119
161                android:value="com.google.firebase.components.ComponentRegistrar" />
161-->[com.google.firebase:firebase-messaging:21.0.1] AndroidManifest.xml:41:17-82
162            <meta-data
162-->[com.google.firebase:firebase-iid:21.0.1] AndroidManifest.xml:32:13-34:85
163                android:name="com.google.firebase.components:com.google.firebase.iid.Registrar"
163-->[com.google.firebase:firebase-iid:21.0.1] AndroidManifest.xml:33:17-96
164                android:value="com.google.firebase.components.ComponentRegistrar" />
164-->[com.google.firebase:firebase-iid:21.0.1] AndroidManifest.xml:34:17-82
165            <meta-data
165-->[com.google.firebase:firebase-auth:20.0.2] AndroidManifest.xml:77:13-79:85
166                android:name="com.google.firebase.components:com.google.firebase.auth.FirebaseAuthRegistrar"
166-->[com.google.firebase:firebase-auth:20.0.2] AndroidManifest.xml:78:17-109
167                android:value="com.google.firebase.components.ComponentRegistrar" />
167-->[com.google.firebase:firebase-auth:20.0.2] AndroidManifest.xml:79:17-82
168            <meta-data
168-->[com.google.firebase:firebase-datatransport:17.0.10] AndroidManifest.xml:28:13-30:85
169                android:name="com.google.firebase.components:com.google.firebase.datatransport.TransportRegistrar"
169-->[com.google.firebase:firebase-datatransport:17.0.10] AndroidManifest.xml:29:17-115
170                android:value="com.google.firebase.components.ComponentRegistrar" />
170-->[com.google.firebase:firebase-datatransport:17.0.10] AndroidManifest.xml:30:17-82
171            <meta-data
171-->[com.google.android.gms:play-services-measurement-api:18.0.2] AndroidManifest.xml:30:13-32:85
172                android:name="com.google.firebase.components:com.google.firebase.analytics.connector.internal.AnalyticsConnectorRegistrar"
172-->[com.google.android.gms:play-services-measurement-api:18.0.2] AndroidManifest.xml:31:17-139
173                android:value="com.google.firebase.components.ComponentRegistrar" />
173-->[com.google.android.gms:play-services-measurement-api:18.0.2] AndroidManifest.xml:32:17-82
174            <meta-data
174-->[com.google.firebase:firebase-installations:16.3.5] AndroidManifest.xml:18:13-20:85
175                android:name="com.google.firebase.components:com.google.firebase.installations.FirebaseInstallationsRegistrar"
175-->[com.google.firebase:firebase-installations:16.3.5] AndroidManifest.xml:19:17-127
176                android:value="com.google.firebase.components.ComponentRegistrar" />
176-->[com.google.firebase:firebase-installations:16.3.5] AndroidManifest.xml:20:17-82
177            <!--
178                This registrar is not defined in the dynamic-module-support sdk itself to allow non-firebase
179                clients to use it as well, by defining this registrar in their own core/common library.
180            -->
181            <meta-data
181-->[com.google.firebase:firebase-common:19.5.0] AndroidManifest.xml:43:13-45:85
182                android:name="com.google.firebase.components:com.google.firebase.dynamicloading.DynamicLoadingRegistrar"
182-->[com.google.firebase:firebase-common:19.5.0] AndroidManifest.xml:44:17-121
183                android:value="com.google.firebase.components.ComponentRegistrar" />
183-->[com.google.firebase:firebase-common:19.5.0] AndroidManifest.xml:45:17-82
184        </service>
185        <!--
186             FirebaseMessagingService performs security checks at runtime,
187             but set to not exported to explicitly avoid allowing another app to call it.
188        -->
189        <service
189-->[com.google.firebase:firebase-messaging:21.0.1] AndroidManifest.xml:28:9-35:19
190            android:name="com.google.firebase.messaging.FirebaseMessagingService"
190-->[com.google.firebase:firebase-messaging:21.0.1] AndroidManifest.xml:29:13-82
191            android:directBootAware="true"
191-->[com.google.firebase:firebase-messaging:21.0.1] AndroidManifest.xml:30:13-43
192            android:exported="false" >
192-->[com.google.firebase:firebase-messaging:21.0.1] AndroidManifest.xml:31:13-37
193            <intent-filter android:priority="-500" >
193-->[com.google.firebase:firebase-messaging:21.0.1] AndroidManifest.xml:32:13-34:29
193-->[com.google.firebase:firebase-messaging:21.0.1] AndroidManifest.xml:32:28-51
194                <action android:name="com.google.firebase.MESSAGING_EVENT" />
194-->[com.google.firebase:firebase-messaging:21.0.1] AndroidManifest.xml:33:17-78
194-->[com.google.firebase:firebase-messaging:21.0.1] AndroidManifest.xml:33:25-75
195            </intent-filter>
196        </service>
197
198        <receiver
198-->[com.google.firebase:firebase-iid:21.0.1] AndroidManifest.xml:37:9-44:20
199            android:name="com.google.firebase.iid.FirebaseInstanceIdReceiver"
199-->[com.google.firebase:firebase-iid:21.0.1] AndroidManifest.xml:38:13-78
200            android:exported="true"
200-->[com.google.firebase:firebase-iid:21.0.1] AndroidManifest.xml:39:13-36
201            android:permission="com.google.android.c2dm.permission.SEND" >
201-->[com.google.firebase:firebase-iid:21.0.1] AndroidManifest.xml:40:13-73
202            <intent-filter>
202-->[com.google.firebase:firebase-iid:21.0.1] AndroidManifest.xml:41:13-43:29
203                <action android:name="com.google.android.c2dm.intent.RECEIVE" />
203-->[com.google.firebase:firebase-iid:21.0.1] AndroidManifest.xml:42:17-81
203-->[com.google.firebase:firebase-iid:21.0.1] AndroidManifest.xml:42:25-78
204            </intent-filter>
205        </receiver>
206        <receiver
206-->[com.google.android.gms:play-services-measurement:18.0.2] AndroidManifest.xml:29:9-33:20
207            android:name="com.google.android.gms.measurement.AppMeasurementReceiver"
207-->[com.google.android.gms:play-services-measurement:18.0.2] AndroidManifest.xml:30:13-85
208            android:enabled="true"
208-->[com.google.android.gms:play-services-measurement:18.0.2] AndroidManifest.xml:31:13-35
209            android:exported="false" >
209-->[com.google.android.gms:play-services-measurement:18.0.2] AndroidManifest.xml:32:13-37
210        </receiver>
211
212        <service
212-->[com.google.android.gms:play-services-measurement:18.0.2] AndroidManifest.xml:35:9-38:40
213            android:name="com.google.android.gms.measurement.AppMeasurementService"
213-->[com.google.android.gms:play-services-measurement:18.0.2] AndroidManifest.xml:36:13-84
214            android:enabled="true"
214-->[com.google.android.gms:play-services-measurement:18.0.2] AndroidManifest.xml:37:13-35
215            android:exported="false" />
215-->[com.google.android.gms:play-services-measurement:18.0.2] AndroidManifest.xml:38:13-37
216        <service
216-->[com.google.android.gms:play-services-measurement:18.0.2] AndroidManifest.xml:39:9-43:72
217            android:name="com.google.android.gms.measurement.AppMeasurementJobService"
217-->[com.google.android.gms:play-services-measurement:18.0.2] AndroidManifest.xml:40:13-87
218            android:enabled="true"
218-->[com.google.android.gms:play-services-measurement:18.0.2] AndroidManifest.xml:41:13-35
219            android:exported="false"
219-->[com.google.android.gms:play-services-measurement:18.0.2] AndroidManifest.xml:42:13-37
220            android:permission="android.permission.BIND_JOB_SERVICE" />
220-->[com.google.android.gms:play-services-measurement:18.0.2] AndroidManifest.xml:43:13-69
221
222        <activity
222-->[com.google.firebase:firebase-auth:20.0.2] AndroidManifest.xml:27:9-44:20
223            android:name="com.google.firebase.auth.internal.GenericIdpActivity"
223-->[com.google.firebase:firebase-auth:20.0.2] AndroidManifest.xml:28:13-80
224            android:excludeFromRecents="true"
224-->[com.google.firebase:firebase-auth:20.0.2] AndroidManifest.xml:29:13-46
225            android:exported="true"
225-->[com.google.firebase:firebase-auth:20.0.2] AndroidManifest.xml:30:13-36
226            android:launchMode="singleTask"
226-->[com.google.firebase:firebase-auth:20.0.2] AndroidManifest.xml:31:13-44
227            android:theme="@android:style/Theme.Translucent.NoTitleBar" >
227-->[com.google.firebase:firebase-auth:20.0.2] AndroidManifest.xml:32:13-72
228            <intent-filter>
228-->[com.google.firebase:firebase-auth:20.0.2] AndroidManifest.xml:33:13-43:29
229                <action android:name="android.intent.action.VIEW" />
229-->[com.google.firebase:firebase-auth:20.0.2] AndroidManifest.xml:34:17-69
229-->[com.google.firebase:firebase-auth:20.0.2] AndroidManifest.xml:34:25-66
230
231                <category android:name="android.intent.category.DEFAULT" />
231-->[com.google.firebase:firebase-auth:20.0.2] AndroidManifest.xml:36:17-76
231-->[com.google.firebase:firebase-auth:20.0.2] AndroidManifest.xml:36:27-73
232                <category android:name="android.intent.category.BROWSABLE" />
232-->[com.google.firebase:firebase-auth:20.0.2] AndroidManifest.xml:37:17-78
232-->[com.google.firebase:firebase-auth:20.0.2] AndroidManifest.xml:37:27-75
233
234                <data
234-->[com.google.firebase:firebase-auth:20.0.2] AndroidManifest.xml:39:17-42:51
235                    android:host="firebase.auth"
235-->[com.google.firebase:firebase-auth:20.0.2] AndroidManifest.xml:40:21-49
236                    android:path="/"
236-->[com.google.firebase:firebase-auth:20.0.2] AndroidManifest.xml:41:21-37
237                    android:scheme="genericidp" />
237-->[com.google.firebase:firebase-auth:20.0.2] AndroidManifest.xml:42:21-48
238            </intent-filter>
239        </activity>
240        <activity
240-->[com.google.firebase:firebase-auth:20.0.2] AndroidManifest.xml:45:9-62:20
241            android:name="com.google.firebase.auth.internal.RecaptchaActivity"
241-->[com.google.firebase:firebase-auth:20.0.2] AndroidManifest.xml:46:13-79
242            android:excludeFromRecents="true"
242-->[com.google.firebase:firebase-auth:20.0.2] AndroidManifest.xml:47:13-46
243            android:exported="true"
243-->[com.google.firebase:firebase-auth:20.0.2] AndroidManifest.xml:48:13-36
244            android:launchMode="singleTask"
244-->[com.google.firebase:firebase-auth:20.0.2] AndroidManifest.xml:49:13-44
245            android:theme="@android:style/Theme.Translucent.NoTitleBar" >
245-->[com.google.firebase:firebase-auth:20.0.2] AndroidManifest.xml:50:13-72
246            <intent-filter>
246-->[com.google.firebase:firebase-auth:20.0.2] AndroidManifest.xml:51:13-61:29
247                <action android:name="android.intent.action.VIEW" />